<?xml version="1.0" encoding="UTF-8"?>
<coverage generated="1491430628">
  <project timestamp="1491430628">
    <package name="Blog\Application\Collections">
      <file name="/opt/project/src/Blog/Application/Collections/Collection.php">
        <class name="Collection" namespace="Blog\Application\Collections" fullPackage="Blog" package="Blog">
          <metrics complexity="15" methods="14" coveredmethods="14" conditionals="0" coveredconditionals="0" statements="27" coveredstatements="27" elements="41" coveredelements="41"/>
        </class>
        <line num="23" type="method" name="__construct" visibility="public" complexity="1" crap="1" count="18"/>
        <line num="25" type="stmt" count="18"/>
        <line num="26" type="stmt" count="18"/>
        <line num="27" type="stmt" count="18"/>
        <line num="33" type="method" name="first" visibility="protected" complexity="1" crap="1" count="3"/>
        <line num="35" type="stmt" count="3"/>
        <line num="42" type="method" name="next" visibility="protected" complexity="1" crap="1" count="3"/>
        <line num="44" type="stmt" count="3"/>
        <line num="51" type="method" name="prev" visibility="protected" complexity="1" crap="1" count="2"/>
        <line num="53" type="stmt" count="2"/>
        <line num="60" type="method" name="last" visibility="protected" complexity="1" crap="1" count="2"/>
        <line num="62" type="stmt" count="2"/>
        <line num="70" type="method" name="add" visibility="protected" complexity="1" crap="1" count="15"/>
        <line num="72" type="stmt" count="15"/>
        <line num="73" type="stmt" count="15"/>
        <line num="82" type="method" name="get" visibility="protected" complexity="1" crap="1" count="2"/>
        <line num="84" type="stmt" count="2"/>
        <line num="85" type="stmt" count="1"/>
        <line num="93" type="method" name="exists" visibility="public" complexity="1" crap="1" count="16"/>
        <line num="95" type="stmt" count="16"/>
        <line num="103" type="method" name="remove" visibility="protected" complexity="1" crap="1" count="4"/>
        <line num="105" type="stmt" count="4"/>
        <line num="106" type="stmt" count="4"/>
        <line num="107" type="stmt" count="4"/>
        <line num="113" type="method" name="shift" visibility="public" complexity="1" crap="1" count="2"/>
        <line num="115" type="stmt" count="2"/>
        <line num="116" type="stmt" count="2"/>
        <line num="118" type="stmt" count="2"/>
        <line num="125" type="method" name="pop" visibility="public" complexity="1" crap="1" count="2"/>
        <line num="127" type="stmt" count="2"/>
        <line num="128" type="stmt" count="2"/>
        <line num="130" type="stmt" count="2"/>
        <line num="136" type="method" name="toArray" visibility="protected" complexity="1" crap="1" count="9"/>
        <line num="138" type="stmt" count="9"/>
        <line num="145" type="method" name="checkIfElementExists" visibility="private" complexity="2" crap="2" count="6"/>
        <line num="147" type="stmt" count="6"/>
        <line num="148" type="stmt" count="1"/>
        <line num="150" type="stmt" count="5"/>
        <line num="156" type="method" name="validateInput" visibility="private" complexity="1" crap="1" count="18"/>
        <line num="158" type="stmt" count="18"/>
        <line num="159" type="stmt" count="18"/>
        <metrics loc="160" ncloc="93" classes="1" methods="14" coveredmethods="14" conditionals="0" coveredconditionals="0" statements="27" coveredstatements="27" elements="41" coveredelements="41"/>
      </file>
      <file name="/opt/project/src/Blog/Application/Collections/PostCollection.php">
        <class name="PostCollection" namespace="Blog\Application\Collections" fullPackage="Blog" package="Blog">
          <metrics complexity="7" methods="7" coveredmethods="7" conditionals="0" coveredconditionals="0" statements="7" coveredstatements="7" elements="14" coveredelements="14"/>
        </class>
        <line num="18" type="method" name="addPost" visibility="public" complexity="1" crap="1" count="15"/>
        <line num="20" type="stmt" count="15"/>
        <line num="28" type="method" name="getPost" visibility="public" complexity="1" crap="1" count="2"/>
        <line num="30" type="stmt" count="2"/>
        <line num="36" type="method" name="getAllPosts" visibility="public" complexity="1" crap="1" count="9"/>
        <line num="38" type="stmt" count="9"/>
        <line num="44" type="method" name="getFirstPost" visibility="public" complexity="1" crap="1" count="2"/>
        <line num="46" type="stmt" count="2"/>
        <line num="52" type="method" name="getLastPost" visibility="public" complexity="1" crap="1" count="1"/>
        <line num="54" type="stmt" count="1"/>
        <line num="60" type="method" name="getNextPost" visibility="public" complexity="1" crap="1" count="3"/>
        <line num="62" type="stmt" count="3"/>
        <line num="68" type="method" name="getPrevPost" visibility="public" complexity="1" crap="1" count="2"/>
        <line num="70" type="stmt" count="2"/>
        <metrics loc="71" ncloc="43" classes="1" methods="7" coveredmethods="7" conditionals="0" coveredconditionals="0" statements="7" coveredstatements="7" elements="14" coveredelements="14"/>
      </file>
    </package>
    <package name="Blog\Application\Command">
      <file name="/opt/project/src/Blog/Application/Command/Command.php">
        <class name="Command" namespace="Blog\Application\Command">
          <metrics complexity="1" methods="1" coveredmethods="1" conditionals="0" coveredconditionals="0" statements="2" coveredstatements="2" elements="3" coveredelements="3"/>
        </class>
        <line num="19" type="method" name="__construct" visibility="public" complexity="1" crap="1" count="4"/>
        <line num="21" type="stmt" count="4"/>
        <line num="22" type="stmt" count="4"/>
        <metrics loc="22" ncloc="14" classes="1" methods="1" coveredmethods="1" conditionals="0" coveredconditionals="0" statements="2" coveredstatements="2" elements="3" coveredelements="3"/>
      </file>
    </package>
    <file name="/opt/project/src/Blog/Application/Command/CommandInterface.php">
      <metrics loc="23" ncloc="11" classes="0" methods="0" coveredmethods="0" conditionals="0" coveredconditionals="0" statements="0" coveredstatements="0" elements="0" coveredelements="0"/>
    </file>
    <package name="Blog\Application\Command\Post">
      <file name="/opt/project/src/Blog/Application/Command/Post/CreatePostCommand.php">
        <class name="CreatePostCommand" namespace="Blog\Application\Command\Post" fullPackage="Blog" package="Blog">
          <metrics complexity="1" methods="1" coveredmethods="1" conditionals="0" coveredconditionals="0" statements="2" coveredstatements="2" elements="3" coveredelements="3"/>
        </class>
        <line num="17" type="method" name="execute" visibility="public" complexity="1" crap="1" count="2"/>
        <line num="19" type="stmt" count="2"/>
        <line num="20" type="stmt" count="2"/>
        <metrics loc="20" ncloc="12" classes="1" methods="1" coveredmethods="1" conditionals="0" coveredconditionals="0" statements="2" coveredstatements="2" elements="3" coveredelements="3"/>
      </file>
      <file name="/opt/project/src/Blog/Application/Command/Post/UpdatePostCommand.php">
        <class name="UpdatePostCommand" namespace="Blog\Application\Command\Post">
          <metrics complexity="1" methods="1" coveredmethods="1" conditionals="0" coveredconditionals="0" statements="2" coveredstatements="2" elements="3" coveredelements="3"/>
        </class>
        <line num="14" type="method" name="execute" visibility="public" complexity="1" crap="1" count="1"/>
        <line num="16" type="stmt" count="1"/>
        <line num="17" type="stmt" count="1"/>
        <metrics loc="17" ncloc="12" classes="1" methods="1" coveredmethods="1" conditionals="0" coveredconditionals="0" statements="2" coveredstatements="2" elements="3" coveredelements="3"/>
      </file>
    </package>
    <package name="Blog\Application\Handler">
      <file name="/opt/project/src/Blog/Application/Handler/CommandHandler.php">
        <class name="CommandHandler" namespace="Blog\Application\Handler">
          <metrics complexity="1" methods="1" coveredmethods="1" conditionals="0" coveredconditionals="0" statements="2" coveredstatements="2" elements="3" coveredelements="3"/>
        </class>
        <line num="24" type="method" name="__construct" visibility="public" complexity="1" crap="1" count="2"/>
        <line num="26" type="stmt" count="2"/>
        <line num="27" type="stmt" count="2"/>
        <metrics loc="27" ncloc="16" classes="1" methods="1" coveredmethods="1" conditionals="0" coveredconditionals="0" statements="2" coveredstatements="2" elements="3" coveredelements="3"/>
      </file>
      <file name="/opt/project/src/Blog/Application/Handler/Post/CreatePostCommandHandler.php">
        <class name="CreatePostCommandHandler" namespace="Blog\Application\Handler" fullPackage="Blog" package="Blog">
          <metrics complexity="2" methods="1" coveredmethods="1" conditionals="0" coveredconditionals="0" statements="4" coveredstatements="4" elements="5" coveredelements="5"/>
        </class>
        <line num="14" type="method" name="handle" visibility="public" complexity="2" crap="2" count="2"/>
        <line num="16" type="stmt" count="2"/>
        <line num="17" type="stmt" count="2"/>
        <line num="18" type="stmt" count="1"/>
        <line num="20" type="stmt" count="1"/>
        <metrics loc="20" ncloc="16" classes="1" methods="1" coveredmethods="1" conditionals="0" coveredconditionals="0" statements="4" coveredstatements="4" elements="5" coveredelements="5"/>
      </file>
    </package>
    <file name="/opt/project/src/Blog/Application/Handler/CommandHandlerInterface.php">
      <metrics loc="26" ncloc="12" classes="0" methods="0" coveredmethods="0" conditionals="0" coveredconditionals="0" statements="0" coveredstatements="0" elements="0" coveredelements="0"/>
    </file>
    <package name="Blog\Application\Queries\Post">
      <file name="/opt/project/src/Blog/Application/Queries/Post/PostQueries.php">
        <class name="PostQueries" namespace="Blog\Application\Queries\Post" fullPackage="Blog" package="Blog">
          <metrics complexity="5" methods="5" coveredmethods="5" conditionals="0" coveredconditionals="0" statements="6" coveredstatements="6" elements="11" coveredelements="11"/>
        </class>
        <line num="25" type="method" name="__construct" visibility="public" complexity="1" crap="1" count="4"/>
        <line num="27" type="stmt" count="4"/>
        <line num="28" type="stmt" count="4"/>
        <line num="35" type="method" name="findPostById" visibility="public" complexity="1" crap="1" count="1"/>
        <line num="37" type="stmt" count="1"/>
        <line num="45" type="method" name="findPostByTitle" visibility="public" complexity="1" crap="1" count="1"/>
        <line num="47" type="stmt" count="1"/>
        <line num="54" type="method" name="findNewestPost" visibility="public" complexity="1" crap="1" count="1"/>
        <line num="56" type="stmt" count="1"/>
        <line num="63" type="method" name="findAllPublishedPosts" visibility="public" complexity="1" crap="1" count="1"/>
        <line num="65" type="stmt" count="1"/>
        <metrics loc="66" ncloc="35" classes="1" methods="5" coveredmethods="5" conditionals="0" coveredconditionals="0" statements="6" coveredstatements="6" elements="11" coveredelements="11"/>
      </file>
    </package>
    <package name="Blog\Application\Validators\Collection">
      <file name="/opt/project/src/Blog/Application/Validators/Collection/CollectionCreationValidator.php">
        <class name="CollectionCreationValidator" namespace="Blog\Application\Validators\Collection">
          <metrics complexity="4" methods="2" coveredmethods="2" conditionals="0" coveredconditionals="0" statements="6" coveredstatements="6" elements="8" coveredelements="8"/>
        </class>
        <line num="17" type="method" name="__construct" visibility="public" complexity="1" crap="1" count="20"/>
        <line num="19" type="stmt" count="20"/>
        <line num="20" type="stmt" count="20"/>
        <line num="26" type="method" name="validate" visibility="public" complexity="3" crap="3" count="20"/>
        <line num="28" type="stmt" count="20"/>
        <line num="29" type="stmt" count="2"/>
        <line num="30" type="stmt" count="2"/>
        <line num="34" type="stmt" count="19"/>
        <metrics loc="35" ncloc="26" classes="1" methods="2" coveredmethods="2" conditionals="0" coveredconditionals="0" statements="6" coveredstatements="6" elements="8" coveredelements="8"/>
      </file>
    </package>
    <package name="Blog\Domain\DataObject\Email">
      <file name="/opt/project/src/Blog/Domain/DataObject/Email/Email.php">
        <class name="Email" namespace="Blog\Domain\DataObject\Email" fullPackage="DataObject" package="DataObject">
          <metrics complexity="8" methods="8" coveredmethods="8" conditionals="0" coveredconditionals="0" statements="12" coveredstatements="12" elements="20" coveredelements="20"/>
        </class>
        <line num="31" type="method" name="create" visibility="public" complexity="1" crap="1" count="5"/>
        <line num="33" type="stmt" count="5"/>
        <line num="42" type="method" name="__construct" visibility="private" complexity="1" crap="1" count="5"/>
        <line num="44" type="stmt" count="5"/>
        <line num="45" type="stmt" count="5"/>
        <line num="46" type="stmt" count="5"/>
        <line num="52" type="method" name="setUserName" visibility="private" complexity="1" crap="1" count="5"/>
        <line num="54" type="stmt" count="5"/>
        <line num="55" type="stmt" count="5"/>
        <line num="61" type="method" name="setHost" visibility="private" complexity="1" crap="1" count="5"/>
        <line num="63" type="stmt" count="5"/>
        <line num="64" type="stmt" count="5"/>
        <line num="70" type="method" name="getUserName" visibility="private" complexity="1" crap="1" count="4"/>
        <line num="72" type="stmt" count="4"/>
        <line num="79" type="method" name="getHost" visibility="private" complexity="1" crap="1" count="4"/>
        <line num="81" type="stmt" count="4"/>
        <line num="88" type="method" name="get" visibility="public" complexity="1" crap="1" count="4"/>
        <line num="90" type="stmt" count="4"/>
        <line num="93" type="method" name="__toString" visibility="public" complexity="1" crap="1" count="1"/>
        <line num="95" type="stmt" count="1"/>
        <metrics loc="96" ncloc="53" classes="1" methods="8" coveredmethods="8" conditionals="0" coveredconditionals="0" statements="12" coveredstatements="12" elements="20" coveredelements="20"/>
      </file>
    </package>
    <package name="Blog\Domain\DataObject\Name">
      <file name="/opt/project/src/Blog/Domain/DataObject/Name/Name.php">
        <class name="Name" namespace="Blog\Domain\DataObject\Name">
          <metrics complexity="3" methods="1" coveredmethods="1" conditionals="0" coveredconditionals="0" statements="1" coveredstatements="1" elements="2" coveredelements="2"/>
        </class>
        <line num="12" type="method" name="__toString" visibility="public" complexity="1" crap="1" count="1"/>
        <line num="14" type="stmt" count="1"/>
        <metrics loc="15" ncloc="15" classes="1" methods="1" coveredmethods="1" conditionals="0" coveredconditionals="0" statements="1" coveredstatements="1" elements="2" coveredelements="2"/>
      </file>
      <file name="/opt/project/src/Blog/Domain/DataObject/Name/PersonName.php">
        <class name="PersonName" namespace="Blog\Domain\DataObject\Name" fullPackage="DataObject" package="DataObject">
          <metrics complexity="9" methods="8" coveredmethods="8" conditionals="0" coveredconditionals="0" statements="15" coveredstatements="15" elements="23" coveredelements="23"/>
        </class>
        <line num="30" type="method" name="create" visibility="public" complexity="1" crap="1" count="6"/>
        <line num="32" type="stmt" count="6"/>
        <line num="41" type="method" name="__construct" visibility="private" complexity="1" crap="1" count="6"/>
        <line num="43" type="stmt" count="6"/>
        <line num="44" type="stmt" count="6"/>
        <line num="45" type="stmt" count="6"/>
        <line num="51" type="method" name="setFirstName" visibility="protected" complexity="1" crap="1" count="6"/>
        <line num="53" type="stmt" count="6"/>
        <line num="54" type="stmt" count="6"/>
        <line num="60" type="method" name="setLastName" visibility="protected" complexity="1" crap="1" count="6"/>
        <line num="62" type="stmt" count="6"/>
        <line num="63" type="stmt" count="6"/>
        <line num="69" type="method" name="getFirstName" visibility="public" complexity="1" crap="1" count="5"/>
        <line num="71" type="stmt" count="5"/>
        <line num="78" type="method" name="getLastName" visibility="public" complexity="1" crap="1" count="6"/>
        <line num="80" type="stmt" count="6"/>
        <line num="87" type="method" name="get" visibility="public" complexity="2" crap="2" count="5"/>
        <line num="89" type="stmt" count="5"/>
        <line num="91" type="stmt" count="5"/>
        <line num="92" type="stmt" count="3"/>
        <line num="95" type="stmt" count="5"/>
        <line num="102" type="method" name="__toString" visibility="public" complexity="1" crap="1" count="1"/>
        <line num="104" type="stmt" count="1"/>
        <metrics loc="105" ncloc="57" classes="1" methods="8" coveredmethods="8" conditionals="0" coveredconditionals="0" statements="15" coveredstatements="15" elements="23" coveredelements="23"/>
      </file>
      <file name="/opt/project/src/Blog/Domain/DataObject/Name/UserName.php">
        <class name="UserName" namespace="Blog\Domain\DataObject\Name" fullPackage="Blog" package="Blog">
          <metrics complexity="4" methods="4" coveredmethods="4" conditionals="0" coveredconditionals="0" statements="6" coveredstatements="6" elements="10" coveredelements="10"/>
        </class>
        <line num="23" type="method" name="create" visibility="public" complexity="1" crap="1" count="7"/>
        <line num="25" type="stmt" count="7"/>
        <line num="33" type="method" name="__construct" visibility="private" complexity="1" crap="1" count="7"/>
        <line num="35" type="stmt" count="7"/>
        <line num="36" type="stmt" count="7"/>
        <line num="42" type="method" name="getFirstName" visibility="public" complexity="1" crap="1" count="7"/>
        <line num="44" type="stmt" count="7"/>
        <line num="51" type="method" name="setFirstName" visibility="protected" complexity="1" crap="1" count="7"/>
        <line num="53" type="stmt" count="7"/>
        <line num="54" type="stmt" count="7"/>
        <metrics loc="55" ncloc="29" classes="1" methods="4" coveredmethods="4" conditionals="0" coveredconditionals="0" statements="6" coveredstatements="6" elements="10" coveredelements="10"/>
      </file>
    </package>
    <file name="/opt/project/src/Blog/Domain/Entity/EntityInterface.php">
      <metrics loc="16" ncloc="12" classes="0" methods="0" coveredmethods="0" conditionals="0" coveredconditionals="0" statements="0" coveredstatements="0" elements="0" coveredelements="0"/>
    </file>
    <package name="Blog\Domain\Entity">
      <file name="/opt/project/src/Blog/Domain/Entity/Post.php">
        <class name="Post" namespace="Blog\Domain\Entity" fullPackage="Blog" package="Blog">
          <metrics complexity="16" methods="16" coveredmethods="16" conditionals="0" coveredconditionals="0" statements="24" coveredstatements="24" elements="40" coveredelements="40"/>
        </class>
        <line num="71" type="method" name="setId" visibility="public" complexity="1" crap="1" count="23"/>
        <line num="73" type="stmt" count="23"/>
        <line num="74" type="stmt" count="23"/>
        <line num="79" type="method" name="setTitle" visibility="public" complexity="1" crap="1" count="24"/>
        <line num="81" type="stmt" count="24"/>
        <line num="82" type="stmt" count="24"/>
        <line num="87" type="method" name="setContent" visibility="public" complexity="1" crap="1" count="24"/>
        <line num="89" type="stmt" count="24"/>
        <line num="90" type="stmt" count="24"/>
        <line num="95" type="method" name="setState" visibility="public" complexity="1" crap="1" count="1"/>
        <line num="97" type="stmt" count="1"/>
        <line num="98" type="stmt" count="1"/>
        <line num="103" type="method" name="setPublished" visibility="public" complexity="1" crap="1" count="25"/>
        <line num="105" type="stmt" count="25"/>
        <line num="106" type="stmt" count="25"/>
        <line num="111" type="method" name="setCreatedAt" visibility="public" complexity="1" crap="1" count="24"/>
        <line num="113" type="stmt" count="24"/>
        <line num="114" type="stmt" count="24"/>
        <line num="119" type="method" name="setPublishedAt" visibility="public" complexity="1" crap="1" count="24"/>
        <line num="121" type="stmt" count="24"/>
        <line num="122" type="stmt" count="24"/>
        <line num="127" type="method" name="setUpdatedAt" visibility="public" complexity="1" crap="1" count="24"/>
        <line num="129" type="stmt" count="24"/>
        <line num="130" type="stmt" count="24"/>
        <line num="135" type="method" name="getId" visibility="public" complexity="1" crap="1" count="15"/>
        <line num="137" type="stmt" count="15"/>
        <line num="143" type="method" name="getTitle" visibility="public" complexity="1" crap="1" count="7"/>
        <line num="145" type="stmt" count="7"/>
        <line num="151" type="method" name="getContent" visibility="public" complexity="1" crap="1" count="5"/>
        <line num="153" type="stmt" count="5"/>
        <line num="159" type="method" name="getState" visibility="public" complexity="1" crap="1" count="2"/>
        <line num="161" type="stmt" count="2"/>
        <line num="167" type="method" name="isPublished" visibility="public" complexity="1" crap="1" count="3"/>
        <line num="169" type="stmt" count="3"/>
        <line num="175" type="method" name="getCreatedAt" visibility="public" complexity="1" crap="1" count="2"/>
        <line num="177" type="stmt" count="2"/>
        <line num="183" type="method" name="getPublishedAt" visibility="public" complexity="1" crap="1" count="2"/>
        <line num="185" type="stmt" count="2"/>
        <line num="191" type="method" name="getUpdatedAt" visibility="public" complexity="1" crap="1" count="2"/>
        <line num="193" type="stmt" count="2"/>
        <metrics loc="194" ncloc="110" classes="1" methods="16" coveredmethods="16" conditionals="0" coveredconditionals="0" statements="24" coveredstatements="24" elements="40" coveredelements="40"/>
      </file>
      <file name="/opt/project/src/Blog/Domain/Entity/User.php">
        <class name="User" namespace="Blog\Domain\Entity" fullPackage="Domain" package="Domain">
          <metrics complexity="16" methods="15" coveredmethods="15" conditionals="0" coveredconditionals="0" statements="25" coveredstatements="25" elements="40" coveredelements="40"/>
        </class>
        <line num="55" type="method" name="__construct" visibility="public" complexity="1" crap="1" count="2"/>
        <line num="57" type="stmt" count="2"/>
        <line num="58" type="stmt" count="2"/>
        <line num="59" type="stmt" count="2"/>
        <line num="60" type="stmt" count="2"/>
        <line num="66" type="method" name="setId" visibility="public" complexity="1" crap="1" count="1"/>
        <line num="68" type="stmt" count="1"/>
        <line num="69" type="stmt" count="1"/>
        <line num="75" type="method" name="setRealName" visibility="public" complexity="1" crap="1" count="1"/>
        <line num="77" type="stmt" count="1"/>
        <line num="78" type="stmt" count="1"/>
        <line num="84" type="method" name="setUserName" visibility="public" complexity="1" crap="1" count="1"/>
        <line num="86" type="stmt" count="1"/>
        <line num="87" type="stmt" count="1"/>
        <line num="93" type="method" name="setEmail" visibility="public" complexity="1" crap="1" count="1"/>
        <line num="95" type="stmt" count="1"/>
        <line num="96" type="stmt" count="1"/>
        <line num="102" type="method" name="setCreatedAt" visibility="public" complexity="1" crap="1" count="1"/>
        <line num="104" type="stmt" count="1"/>
        <line num="105" type="stmt" count="1"/>
        <line num="111" type="method" name="setUpdatedAt" visibility="public" complexity="1" crap="1" count="1"/>
        <line num="113" type="stmt" count="1"/>
        <line num="114" type="stmt" count="1"/>
        <line num="120" type="method" name="getId" visibility="public" complexity="1" crap="1" count="2"/>
        <line num="122" type="stmt" count="2"/>
        <line num="129" type="method" name="getFullName" visibility="public" complexity="1" crap="1" count="2"/>
        <line num="131" type="stmt" count="2"/>
        <line num="138" type="method" name="getFirstName" visibility="public" complexity="1" crap="1" count="1"/>
        <line num="140" type="stmt" count="1"/>
        <line num="147" type="method" name="getLastName" visibility="public" complexity="1" crap="1" count="1"/>
        <line num="149" type="stmt" count="1"/>
        <line num="156" type="method" name="getUserName" visibility="public" complexity="1" crap="1" count="2"/>
        <line num="158" type="stmt" count="2"/>
        <line num="165" type="method" name="getEmail" visibility="public" complexity="2" crap="2" count="1"/>
        <line num="167" type="stmt" count="1"/>
        <line num="168" type="stmt" count="1"/>
        <line num="175" type="method" name="getCreatedAt" visibility="public" complexity="1" crap="1" count="2"/>
        <line num="177" type="stmt" count="2"/>
        <line num="184" type="method" name="getUpdatedAt" visibility="public" complexity="1" crap="1" count="2"/>
        <line num="186" type="stmt" count="2"/>
        <metrics loc="187" ncloc="99" classes="1" methods="15" coveredmethods="15" conditionals="0" coveredconditionals="0" statements="25" coveredstatements="25" elements="40" coveredelements="40"/>
      </file>
    </package>
    <package name="Blog\Domain\Exceptions\Collections">
      <file name="/opt/project/src/Blog/Domain/Exceptions/Collection/ElementCouldNotBeAddedException.php">
        <class name="ElementCouldNotBeAddedException" namespace="Blog\Domain\Exceptions\Collections" fullPackage="Blog" package="Blog">
          <metrics complexity="0" methods="0" coveredmethods="0" conditionals="0" coveredconditionals="0" statements="0" coveredstatements="0" elements="0" coveredelements="0"/>
        </class>
        <metrics loc="10" ncloc="6" classes="0" methods="0" coveredmethods="0" conditionals="0" coveredconditionals="0" statements="0" coveredstatements="0" elements="0" coveredelements="0"/>
      </file>
    </package>
    <package name="Blog\Domain\Exceptions\Collection">
      <file name="/opt/project/src/Blog/Domain/Exceptions/Collection/ElementDoesNotExistsInCollectionException.php">
        <class name="ElementDoesNotExistsInCollectionException" namespace="Blog\Domain\Exceptions\Collection">
          <metrics complexity="0" methods="0" coveredmethods="0" conditionals="0" coveredconditionals="0" statements="0" coveredstatements="0" elements="0" coveredelements="0"/>
        </class>
        <metrics loc="6" ncloc="6" classes="0" methods="0" coveredmethods="0" conditionals="0" coveredconditionals="0" statements="0" coveredstatements="0" elements="0" coveredelements="0"/>
      </file>
      <file name="/opt/project/src/Blog/Domain/Exceptions/Collection/InvalidElementInCollectionException.php">
        <class name="InvalidElementInCollectionException" namespace="Blog\Domain\Exceptions\Collection" fullPackage="Blog" package="Blog">
          <metrics complexity="0" methods="0" coveredmethods="0" conditionals="0" coveredconditionals="0" statements="0" coveredstatements="0" elements="0" coveredelements="0"/>
        </class>
        <metrics loc="9" ncloc="5" classes="0" methods="0" coveredmethods="0" conditionals="0" coveredconditionals="0" statements="0" coveredstatements="0" elements="0" coveredelements="0"/>
      </file>
    </package>
    <package name="Blog\Domain\Exceptions\DataObject\Email">
      <file name="/opt/project/src/Blog/Domain/Exceptions/DataObject/Email/InvalidEmailHostException.php">
        <class name="InvalidEmailHostException" namespace="Blog\Domain\Exceptions\DataObject\Email" fullPackage="Blog" package="Blog">
          <metrics complexity="0" methods="0" coveredmethods="0" conditionals="0" coveredconditionals="0" statements="0" coveredstatements="0" elements="0" coveredelements="0"/>
        </class>
        <metrics loc="10" ncloc="6" classes="0" methods="0" coveredmethods="0" conditionals="0" coveredconditionals="0" statements="0" coveredstatements="0" elements="0" coveredelements="0"/>
      </file>
    </package>
    <package name="Blog\Domain\Exceptions\Validation">
      <file name="/opt/project/src/Blog/Domain/Exceptions/Validation/EmptyPostInitialValuesException.php">
        <class name="EmptyPostInitialValuesException" namespace="Blog\Domain\Exceptions\Validation" fullPackage="Blog" package="Blog">
          <metrics complexity="0" methods="0" coveredmethods="0" conditionals="0" coveredconditionals="0" statements="0" coveredstatements="0" elements="0" coveredelements="0"/>
        </class>
        <metrics loc="10" ncloc="6" classes="0" methods="0" coveredmethods="0" conditionals="0" coveredconditionals="0" statements="0" coveredstatements="0" elements="0" coveredelements="0"/>
      </file>
      <file name="/opt/project/src/Blog/Domain/Exceptions/Validation/FirstNameCannotBeEmptyInPersonNameException.php">
        <class name="FirstNameCannotBeEmptyInPersonNameException" namespace="Blog\Domain\Exceptions\Validation" fullPackage="Blog" package="Blog">
          <metrics complexity="0" methods="0" coveredmethods="0" conditionals="0" coveredconditionals="0" statements="0" coveredstatements="0" elements="0" coveredelements="0"/>
        </class>
        <metrics loc="9" ncloc="5" classes="0" methods="0" coveredmethods="0" conditionals="0" coveredconditionals="0" statements="0" coveredstatements="0" elements="0" coveredelements="0"/>
      </file>
      <file name="/opt/project/src/Blog/Domain/Exceptions/Validation/FirstNameCannotBeEmptyInUserNameException.php">
        <class name="FirstNameCannotBeEmptyInUserNameException" namespace="Blog\Domain\Exceptions\Validation" fullPackage="Blog" package="Blog">
          <metrics complexity="0" methods="0" coveredmethods="0" conditionals="0" coveredconditionals="0" statements="0" coveredstatements="0" elements="0" coveredelements="0"/>
        </class>
        <metrics loc="9" ncloc="5" classes="0" methods="0" coveredmethods="0" conditionals="0" coveredconditionals="0" statements="0" coveredstatements="0" elements="0" coveredelements="0"/>
      </file>
      <file name="/opt/project/src/Blog/Domain/Exceptions/Validation/InvalidEmailFormatException.php">
        <class name="InvalidEmailFormatException" namespace="Blog\Domain\Exceptions\Validation" fullPackage="Blog" package="Blog">
          <metrics complexity="0" methods="0" coveredmethods="0" conditionals="0" coveredconditionals="0" statements="0" coveredstatements="0" elements="0" coveredelements="0"/>
        </class>
        <metrics loc="9" ncloc="5" classes="0" methods="0" coveredmethods="0" conditionals="0" coveredconditionals="0" statements="0" coveredstatements="0" elements="0" coveredelements="0"/>
      </file>
      <file name="/opt/project/src/Blog/Domain/Exceptions/Validation/PostNeedsContentException.php">
        <class name="PostNeedsContentException" namespace="Blog\Domain\Exceptions\Validation" fullPackage="Blog" package="Blog">
          <metrics complexity="0" methods="0" coveredmethods="0" conditionals="0" coveredconditionals="0" statements="0" coveredstatements="0" elements="0" coveredelements="0"/>
        </class>
        <metrics loc="10" ncloc="6" classes="0" methods="0" coveredmethods="0" conditionals="0" coveredconditionals="0" statements="0" coveredstatements="0" elements="0" coveredelements="0"/>
      </file>
      <file name="/opt/project/src/Blog/Domain/Exceptions/Validation/PostNeedsTitleException.php">
        <class name="PostNeedsTitleException" namespace="Blog\Domain\Exceptions\Validation" fullPackage="Blog" package="Blog">
          <metrics complexity="0" methods="0" coveredmethods="0" conditionals="0" coveredconditionals="0" statements="0" coveredstatements="0" elements="0" coveredelements="0"/>
        </class>
        <metrics loc="10" ncloc="6" classes="0" methods="0" coveredmethods="0" conditionals="0" coveredconditionals="0" statements="0" coveredstatements="0" elements="0" coveredelements="0"/>
      </file>
      <file name="/opt/project/src/Blog/Domain/Exceptions/Validation/ValidationException.php">
        <class name="ValidationException" namespace="Blog\Domain\Exceptions\Validation" fullPackage="Blog" package="Blog">
          <metrics complexity="0" methods="0" coveredmethods="0" conditionals="0" coveredconditionals="0" statements="0" coveredstatements="0" elements="0" coveredelements="0"/>
        </class>
        <metrics loc="9" ncloc="5" classes="0" methods="0" coveredmethods="0" conditionals="0" coveredconditionals="0" statements="0" coveredstatements="0" elements="0" coveredelements="0"/>
      </file>
    </package>
    <package name="Blog\Domain\Helper">
      <file name="/opt/project/src/Blog/Domain/Helper/BString.php">
        <class name="BString" namespace="Blog\Domain\Helper" fullPackage="Domain" package="Domain">
          <metrics complexity="0" methods="0" coveredmethods="0" conditionals="0" coveredconditionals="0" statements="0" coveredstatements="0" elements="0" coveredelements="0"/>
        </class>
        <metrics loc="12" ncloc="8" classes="0" methods="0" coveredmethods="0" conditionals="0" coveredconditionals="0" statements="0" coveredstatements="0" elements="0" coveredelements="0"/>
      </file>
    </package>
    <file name="/opt/project/src/Blog/Domain/Repository/EntityPersistRepository.php">
      <metrics loc="28" ncloc="12" classes="0" methods="0" coveredmethods="0" conditionals="0" coveredconditionals="0" statements="0" coveredstatements="0" elements="0" coveredelements="0"/>
    </file>
    <file name="/opt/project/src/Blog/Domain/Repository/PostQueriesInterface.php">
      <metrics loc="37" ncloc="15" classes="0" methods="0" coveredmethods="0" conditionals="0" coveredconditionals="0" statements="0" coveredstatements="0" elements="0" coveredelements="0"/>
    </file>
    <package name="Blog\Domain\Repository">
      <file name="/opt/project/src/Blog/Domain/Repository/PostQueriesRepository.php">
        <class name="PostQueriesRepository" namespace="Blog\Domain\Repository" fullPackage="Blog" package="Blog">
          <metrics complexity="0" methods="0" coveredmethods="0" conditionals="0" coveredconditionals="0" statements="0" coveredstatements="0" elements="0" coveredelements="0"/>
        </class>
        <metrics loc="9" ncloc="5" classes="0" methods="0" coveredmethods="0" conditionals="0" coveredconditionals="0" statements="0" coveredstatements="0" elements="0" coveredelements="0"/>
      </file>
    </package>
    <package name="Blog\Domain\Validators\DataObject\Email">
      <file name="/opt/project/src/Blog/Domain/Validators/DataObject/Email/EmailValidator.php">
        <class name="EmailValidator" namespace="Blog\Domain\Validators\DataObject\Email">
          <metrics complexity="3" methods="2" coveredmethods="2" conditionals="0" coveredconditionals="0" statements="5" coveredstatements="5" elements="7" coveredelements="7"/>
        </class>
        <line num="20" type="method" name="__construct" visibility="public" complexity="1" crap="1" count="8"/>
        <line num="22" type="stmt" count="8"/>
        <line num="23" type="stmt" count="8"/>
        <line num="30" type="method" name="validate" visibility="public" complexity="2" crap="2" count="8"/>
        <line num="32" type="stmt" count="8"/>
        <line num="33" type="stmt" count="7"/>
        <line num="36" type="stmt" count="1"/>
        <metrics loc="37" ncloc="23" classes="1" methods="2" coveredmethods="2" conditionals="0" coveredconditionals="0" statements="5" coveredstatements="5" elements="7" coveredelements="7"/>
      </file>
    </package>
    <package name="Blog\Domain\Validators\DataObject\Name">
      <file name="/opt/project/src/Blog/Domain/Validators/DataObject/Name/PersonNameValidator.php">
        <class name="PersonNameValidator" namespace="Blog\Domain\Validators\DataObject\Name" fullPackage="Blog" package="Blog">
          <metrics complexity="3" methods="2" coveredmethods="2" conditionals="0" coveredconditionals="0" statements="6" coveredstatements="6" elements="8" coveredelements="8"/>
        </class>
        <line num="25" type="method" name="__construct" visibility="public" complexity="1" crap="1" count="2"/>
        <line num="27" type="stmt" count="2"/>
        <line num="28" type="stmt" count="2"/>
        <line num="29" type="stmt" count="2"/>
        <line num="35" type="method" name="validate" visibility="public" complexity="2" crap="2" count="2"/>
        <line num="37" type="stmt" count="2"/>
        <line num="38" type="stmt" count="1"/>
        <line num="41" type="stmt" count="1"/>
        <metrics loc="42" ncloc="26" classes="1" methods="2" coveredmethods="2" conditionals="0" coveredconditionals="0" statements="6" coveredstatements="6" elements="8" coveredelements="8"/>
      </file>
      <file name="/opt/project/src/Blog/Domain/Validators/DataObject/Name/UserNameValidator.php">
        <class name="UserNameValidator" namespace="Blog\Domain\Validators\DataObject\Name" fullPackage="Blog" package="Blog">
          <metrics complexity="3" methods="2" coveredmethods="2" conditionals="0" coveredconditionals="0" statements="5" coveredstatements="5" elements="7" coveredelements="7"/>
        </class>
        <line num="24" type="method" name="__construct" visibility="public" complexity="1" crap="1" count="2"/>
        <line num="26" type="stmt" count="2"/>
        <line num="27" type="stmt" count="2"/>
        <line num="34" type="method" name="validate" visibility="public" complexity="2" crap="2" count="2"/>
        <line num="36" type="stmt" count="2"/>
        <line num="37" type="stmt" count="1"/>
        <line num="40" type="stmt" count="1"/>
        <metrics loc="41" ncloc="23" classes="1" methods="2" coveredmethods="2" conditionals="0" coveredconditionals="0" statements="5" coveredstatements="5" elements="7" coveredelements="7"/>
      </file>
    </package>
    <package name="Blog\Domain\Validators\Post">
      <file name="/opt/project/src/Blog/Domain/Validators/Post/CreatePostValidator.php">
        <class name="CreatePostValidator" namespace="Blog\Domain\Validators\Post" fullPackage="Blog" package="Blog">
          <metrics complexity="4" methods="2" coveredmethods="2" conditionals="0" coveredconditionals="0" statements="7" coveredstatements="7" elements="9" coveredelements="9"/>
        </class>
        <line num="21" type="method" name="__construct" visibility="public" complexity="1" crap="1" count="5"/>
        <line num="23" type="stmt" count="5"/>
        <line num="24" type="stmt" count="5"/>
        <line num="30" type="method" name="validate" visibility="public" complexity="3" crap="3" count="5"/>
        <line num="32" type="stmt" count="5"/>
        <line num="33" type="stmt" count="2"/>
        <line num="36" type="stmt" count="3"/>
        <line num="37" type="stmt" count="1"/>
        <line num="40" type="stmt" count="2"/>
        <metrics loc="41" ncloc="30" classes="1" methods="2" coveredmethods="2" conditionals="0" coveredconditionals="0" statements="7" coveredstatements="7" elements="9" coveredelements="9"/>
      </file>
    </package>
    <file name="/opt/project/src/Blog/Domain/Validators/ValidatorInterface.php">
      <metrics loc="16" ncloc="8" classes="0" methods="0" coveredmethods="0" conditionals="0" coveredconditionals="0" statements="0" coveredstatements="0" elements="0" coveredelements="0"/>
    </file>
    <metrics files="38" loc="1519" ncloc="876" classes="19" methods="93" coveredmethods="93" conditionals="0" coveredconditionals="0" statements="164" coveredstatements="164" elements="257" coveredelements="257"/>
  </project>
</coverage>
